Compiling the C compiler identification source file "CMakeCCompilerId.c" failed.
Compiler: /bin/arm-none-eabi-gcc-8.3.1 
Build flags: 
Id flags:  

The output was:
1
/usr/lib/gcc/arm-none-eabi/8.3.1/../../../arm-none-eabi/bin/ld: /usr/lib/gcc/arm-none-eabi/8.3.1/../../../arm-none-eabi/lib/libc.a(lib_a-exit.o): in function `exit':
/build/newlib-kGgvwE/newlib-3.3.0/build/arm-none-eabi/newlib/libc/stdlib/../../../../../newlib/libc/stdlib/exit.c:64: undefined reference to `_exit'
collect2: error: ld returned 1 exit status


Compiling the CXX compiler identification source file "CMakeCXXCompilerId.cpp" failed.
Compiler: /usr/bin/arm-none-eabi-g++ 
Build flags: 
Id flags:  

The output was:
1
/usr/lib/gcc/arm-none-eabi/8.3.1/../../../arm-none-eabi/bin/ld: /usr/lib/gcc/arm-none-eabi/8.3.1/../../../arm-none-eabi/lib/libc.a(lib_a-exit.o): in function `exit':
/build/newlib-kGgvwE/newlib-3.3.0/build/arm-none-eabi/newlib/libc/stdlib/../../../../../newlib/libc/stdlib/exit.c:64: undefined reference to `_exit'
collect2: error: ld returned 1 exit status


Performing C SOURCE FILE Test C_COMPILER_SUPPORTS_WFORMAT_SIGNEDNESS failed with the following output:
Change Dir: /home/pi/pico/RP2040-HAT-C/build/CMakeFiles/CMakeTmp

Run Build Command(s):/usr/bin/gmake cmTC_a0bab/fast && /usr/bin/gmake  -f CMakeFiles/cmTC_a0bab.dir/build.make CMakeFiles/cmTC_a0bab.dir/build
gmake[1]: Entering directory '/home/pi/pico/RP2040-HAT-C/build/CMakeFiles/CMakeTmp'
Building C object CMakeFiles/cmTC_a0bab.dir/src.c.obj
/bin/arm-none-eabi-gcc-8.3.1   -mcpu=cortex-m0plus -mthumb -Wall -Wextra -Wwrite-strings -Wvla -Wlogical-op -Wshadow -DC_COMPILER_SUPPORTS_WFORMAT_SIGNEDNESS   -Wformat-signedness -o CMakeFiles/cmTC_a0bab.dir/src.c.obj -c /home/pi/pico/RP2040-HAT-C/build/CMakeFiles/CMakeTmp/src.c
Linking C executable cmTC_a0bab.elf
/usr/bin/cmake -E cmake_link_script CMakeFiles/cmTC_a0bab.dir/link.txt --verbose=1
/bin/arm-none-eabi-gcc-8.3.1 -mcpu=cortex-m0plus -mthumb -Wall -Wextra -Wwrite-strings -Wvla -Wlogical-op -Wshadow -DC_COMPILER_SUPPORTS_WFORMAT_SIGNEDNESS -Wl,--build-id=none CMakeFiles/cmTC_a0bab.dir/src.c.obj -o cmTC_a0bab.elf 
/usr/lib/gcc/arm-none-eabi/8.3.1/../../../arm-none-eabi/bin/ld: /usr/lib/gcc/arm-none-eabi/8.3.1/../../../arm-none-eabi/lib/thumb/v6-m/nofp/libc.a(lib_a-exit.o): in function `exit':
/build/newlib-kGgvwE/newlib-3.3.0/build/arm-none-eabi/thumb/v6-m/nofp/newlib/libc/stdlib/../../../../../../../../newlib/libc/stdlib/exit.c:64: undefined reference to `_exit'
collect2: error: ld returned 1 exit status
gmake[1]: *** [CMakeFiles/cmTC_a0bab.dir/build.make:106: cmTC_a0bab.elf] Error 1
gmake[1]: Leaving directory '/home/pi/pico/RP2040-HAT-C/build/CMakeFiles/CMakeTmp'
gmake: *** [Makefile:140: cmTC_a0bab/fast] Error 2


Source file was:
int main(void) { return 0; }
